<?xml version="1.0" encoding="UTF-8"?>
<!-- Generated by org.testng.reporters.JUnitReportReporter -->
<testsuite hostname="Akash12" failures="0" tests="1" name="TestScript.Tc_AddContent" time="40.379" errors="0" timestamp="2023-07-20T15:34:01 IST" skipped="0">
  <testcase classname="TestScript.Tc_AddContent" name="content" time="40.379"/>
  <system-out/>
</testsuite> <!-- TestScript.Tc_AddContent -->
