<?xml version="1.0" encoding="UTF-8"?>
<!-- Generated by org.testng.reporters.JUnitReportReporter -->
<testsuite hostname="Akash12" failures="0" tests="1" name="TestScript.TC_02" time="20.780" errors="0" timestamp="2023-07-18T18:27:18 IST" skipped="0">
  <testcase classname="TestScript.TC_02" name="Sectionpage" time="20.780"/>
  <system-out/>
</testsuite> <!-- TestScript.TC_02 -->
